perltidy version 20180220 log file on a darwin system, OLD_PERL_VERSION=5.028000
Configuration and command line parameters for this run:
-st -profile=.../.perltidyrc
To find error messages search for 'WARNING' with your editor
Indentation will be with 4 spaces
Line 5 implies starting-indentation-level = 0

########################  WARNING  #########################
There is no previous '{' to match a '}' on line 31
31: }
    ^
############################################################
WARNING: Starting negative indentation
WARNING: final indentation level: -1
The nesting depths in the table below are at the start of the lines.
The indicated output line numbers are not always exact.
ci = levels of continuation indentation; bk = 1 if in BLOCK, 0 if not.

in:out indent c b  nesting   code + messages; (messages begin with >>>)
lines  levels i k            (code begins with one '.' per indent level)
------  ----- - - --------   -------------------------------------------
L5:5     i0:0 0 1            >>>Line length exceeded by 25 characters
L5:5     i0:0 0 1            >>>Line length exceeded by 39 characters
L29:30   i1:1 0 1 {          >>>Added ';' here
L30:31   i1:0 0 1 {          >>>Start indentation disagreement: input=1; output=0
L31:31   i0:-1 0 1            >>>WARNING: Program bug in scan_list: hit nesting error which should have been caught
L33:34   i0:-1 0 1 }          >>>Last line

1 semicolon was added:
   at input line 29
  (Use -nasc to prevent semicolon addition)

First indentation disagreement seen at input line 30
Ending with indentation disagreement which started at input line 30
Note: Indentation disagreement detection is not accurate for outdenting and -lp.

4 long lines were outdented:
  First at output line 1
   Last at output line 1
  use -noll to prevent outdenting, -l=n to increase line length

2 output lines exceeded 80 characters:
 First at line 2 by 25 characters
 Maximum at line 3 by 39 characters
 Last at line 3 by 39 characters
WARNING: To save a full .LOG file rerun with -g
WARNING: 
Oops, you seem to have encountered a bug in perltidy.  Please check the
BUGS file at http://perltidy.sourceforge.net.  If the problem is not
listed there, please report it so that it can be corrected.  Include the
smallest possible script which produces this message, along with the
.LOG file if appropriate.  See the manual pages for contact information.
Your efforts are appreciated.  
Thank you!
WARNING: 
The log file shows that perltidy added 1 semicolons.
Please rerun with -nasc to see if that is the cause of the syntax error.  Even
if that is the problem, please report it so that it can be fixed.
